2016-10-07 21:52:34.759 [info] <0.31.0> Application lager started on node nonode@nohost
2016-10-07 21:52:34.812 [info] <0.31.0> Application sasl started on node nonode@nohost
2016-10-07 21:52:34.827 [error] <0.459.0> riak_sysmon_filter:get_node_map: error badarg @ [{ets,match_object,[sys_dist,'_'],[]},{ets,tab2list,1,[{file,"ets.erl"},{line,710}]},{riak_sysmon_filter,get_node_map,0,[{file,"/Users/cmeiklejohn/Documents/antidote/_build/default/lib/riak_sysmon/src/riak_sysmon_filter.erl"},{line,378}]},{riak_sysmon_filter,init,1,[{file,"/Users/cmeiklejohn/Documents/antidote/_build/default/lib/riak_sysmon/src/riak_sysmon_filter.erl"},{line,155}]},{gen_server,init_it,6,[{file,"gen_server.erl"},{line,328}]},{proc_lib,init_p_do_apply,3,[{file,"proc_lib.erl"},{line,247}]}]
2016-10-07 21:52:34.828 [info] <0.31.0> Application riak_sysmon started on node nonode@nohost
2016-10-07 21:52:34.908 [info] <0.31.0> Application os_mon started on node nonode@nohost
2016-10-07 21:52:34.908 [info] <0.31.0> Application basho_stats started on node nonode@nohost
2016-10-07 21:52:34.908 [info] <0.31.0> Application eleveldb started on node nonode@nohost
2016-10-07 21:52:34.908 [info] <0.31.0> Application erocksdb started on node nonode@nohost
2016-10-07 21:52:34.908 [info] <0.31.0> Application pbkdf2 started on node nonode@nohost
2016-10-07 21:52:34.908 [info] <0.31.0> Application poolboy started on node nonode@nohost
2016-10-07 21:52:34.922 [info] <0.452.0> alarm_handler: {set,{{disk_almost_full,"/"},[]}}
2016-10-07 21:52:34.972 [info] <0.481.0> Setup running ...
2016-10-07 21:52:34.973 [info] <0.481.0> Directories verified. Res = ok
2016-10-07 21:52:34.973 [info] <0.481.0> Setup finished processing hooks (Mode=normal)...
2016-10-07 21:52:34.973 [info] <0.31.0> Application setup started on node nonode@nohost
2016-10-07 21:52:35.032 [info] <0.488.0>@exometer_report:do_start_reporters:613 Starting reporters with []
2016-10-07 21:52:35.032 [info] <0.31.0> Application exometer_core started on node nonode@nohost
2016-10-07 21:52:35.073 [info] <0.31.0> Application clique started on node nonode@nohost
2016-10-07 21:52:35.073 [info] <0.31.0> Application bear started on node nonode@nohost
2016-10-07 21:52:35.091 [info] <0.31.0> Application folsom started on node nonode@nohost
2016-10-07 21:52:35.244 [critical] <0.521.0>@riak_core_ring_manager:reload_ring:355 Failed to load ring file: "no such file or directory"
2016-10-07 21:52:35.258 [error] <0.521.0> CRASH REPORT Process riak_core_ring_manager with 0 neighbours exited with reason: bad return value: {error,enoent} in gen_server:init_it/6 line 356
2016-10-07 21:52:35.258 [error] <0.507.0> Supervisor riak_core_sup had child riak_core_ring_manager started with riak_core_ring_manager:start_link() at undefined exit with reason bad return value: {error,enoent} in context start_error
2016-10-07 21:52:35.259 [error] <0.505.0> CRASH REPORT Process <0.505.0> with 0 neighbours exited with reason: {{shutdown,{failed_to_start_child,riak_core_ring_manager,{bad_return_value,{error,enoent}}}},{riak_core_app,start,[normal,[]]}} in application_master:init/4 line 134
2016-10-07 21:52:35.259 [info] <0.31.0> Application riak_core exited with reason: {{shutdown,{failed_to_start_child,riak_core_ring_manager,{bad_return_value,{error,enoent}}}},{riak_core_app,start,[normal,[]]}}
2016-10-07 21:52:35.268 [info] <0.31.0> Application folsom exited with reason: stopped
2016-10-07 21:52:35.268 [info] <0.31.0> Application bear exited with reason: stopped
2016-10-07 21:52:35.278 [info] <0.31.0> Application clique exited with reason: stopped
2016-10-07 21:52:35.290 [info] <0.31.0> Application exometer_core exited with reason: stopped
2016-10-07 21:52:35.290 [info] <0.31.0> Application setup exited with reason: stopped
2016-10-07 21:52:35.291 [info] <0.31.0> Application poolboy exited with reason: stopped
2016-10-07 21:52:35.291 [info] <0.31.0> Application pbkdf2 exited with reason: stopped
2016-10-07 21:52:35.291 [info] <0.31.0> Application erocksdb exited with reason: stopped
2016-10-07 21:52:35.291 [info] <0.31.0> Application eleveldb exited with reason: stopped
2016-10-07 21:52:35.291 [info] <0.31.0> Application basho_stats exited with reason: stopped
2016-10-07 21:52:35.291 [info] <0.452.0> alarm_handler: {clear,{disk_almost_full,"/"}}
2016-10-07 21:52:35.292 [info] <0.31.0> Application os_mon exited with reason: stopped
2016-10-07 21:52:35.293 [info] <0.31.0> Application riak_sysmon exited with reason: stopped
2016-10-07 21:52:35.293 [info] <0.31.0> Application sasl exited with reason: stopped
