2016-10-07 21:52:34 =ERROR REPORT====
riak_sysmon_filter:get_node_map: error badarg @ [{ets,match_object,[sys_dist,'_'],[]},{ets,tab2list,1,[{file,"ets.erl"},{line,710}]},{riak_sysmon_filter,get_node_map,0,[{file,"/Users/cmeiklejohn/Documents/antidote/_build/default/lib/riak_sysmon/src/riak_sysmon_filter.erl"},{line,378}]},{riak_sysmon_filter,init,1,[{file,"/Users/cmeiklejohn/Documents/antidote/_build/default/lib/riak_sysmon/src/riak_sysmon_filter.erl"},{line,155}]},{gen_server,init_it,6,[{file,"gen_server.erl"},{line,328}]},{proc_lib,init_p_do_apply,3,[{file,"proc_lib.erl"},{line,247}]}]
2016-10-07 21:52:35 =CRASH REPORT====
  crasher:
    initial call: riak_core_ring_manager:init/1
    pid: <0.521.0>
    registered_name: riak_core_ring_manager
    exception exit: {{bad_return_value,{error,enoent}},[{gen_server,init_it,6,[{file,"gen_server.erl"},{line,356}]},{proc_lib,init_p_do_apply,3,[{file,"proc_lib.erl"},{line,247}]}]}
    ancestors: [riak_core_sup,<0.506.0>]
    messages: []
    links: [<0.507.0>]
    dictionary: []
    trap_exit: false
    status: running
    heap_size: 2586
    stack_size: 27
    reductions: 1244
  neighbours:
2016-10-07 21:52:35 =SUPERVISOR REPORT====
     Supervisor: {local,riak_core_sup}
     Context:    start_error
     Reason:     {bad_return_value,{error,enoent}}
     Offender:   [{pid,undefined},{id,riak_core_ring_manager},{mfargs,{riak_core_ring_manager,start_link,[]}},{restart_type,permanent},{shutdown,5000},{child_type,worker}]

2016-10-07 21:52:35 =CRASH REPORT====
  crasher:
    initial call: application_master:init/4
    pid: <0.505.0>
    registered_name: []
    exception exit: {{{shutdown,{failed_to_start_child,riak_core_ring_manager,{bad_return_value,{error,enoent}}}},{riak_core_app,start,[normal,[]]}},[{application_master,init,4,[{file,"application_master.erl"},{line,134}]},{proc_lib,init_p_do_apply,3,[{file,"proc_lib.erl"},{line,247}]}]}
    ancestors: [<0.504.0>]
    messages: [{'EXIT',<0.506.0>,normal}]
    links: [<0.504.0>,<0.31.0>]
    dictionary: []
    trap_exit: true
    status: running
    heap_size: 376
    stack_size: 27
    reductions: 156
  neighbours:
